Using pre-set license
Built from '2020.2/release' branch; Version is '2020.2.1f1 (270dd8c3da1c) revision 2559448'; Using compiler version '192528614'; Build Type 'Release'
OS: 'Windows 10  (10.0.0) 64bit' Language: 'en' Physical Memory: 16326 MB
BatchMode: 1, IsHumanControllingUs: 0, StartBugReporterOnCrash: 0, Is64bit: 1, IsPro: 0

 COMMAND LINE ARGUMENTS:
D:\Program Files (x86)\UnityEditors\2020.2.1f1\Editor\Unity.exe
-adb2
-batchMode
-noUpm
-name
AssetImportWorker1
-projectPath
D:/NatWa/GitHubRepositories/Immersify-Test/Mobile 3D Application
-logFile
Logs/AssetImportWorker1.log
-srvPort
58052
Successfully changed project path to: D:/NatWa/GitHubRepositories/Immersify-Test/Mobile 3D Application
D:/NatWa/GitHubRepositories/Immersify-Test/Mobile 3D Application
Using Asset Import Pipeline V2.
Refreshing native plugins compatible for Editor in 28.86 ms, found 0 plugins.
Preloading 0 native plugins for Editor in 0.00 ms.
Initialize engine version: 2020.2.1f1 (270dd8c3da1c)
[Subsystems] Discovering subsystems at path D:/Program Files (x86)/UnityEditors/2020.2.1f1/Editor/Data/Resources/UnitySubsystems
[Subsystems] Discovering subsystems at path D:/NatWa/GitHubRepositories/Immersify-Test/Mobile 3D Application/Assets
GfxDevice: creating device client; threaded=0
Direct3D:
    Version:  Direct3D 11.0 [level 11.1]
    Renderer: NVIDIA GeForce GTX 1080 Ti (ID=0x1b06)
    Vendor:   
    VRAM:     11127 MB
    Driver:   30.0.14.7141
Initialize mono
Mono path[0] = 'D:/Program Files (x86)/UnityEditors/2020.2.1f1/Editor/Data/Managed'
Mono path[1] = 'D:/Program Files (x86)/UnityEditors/2020.2.1f1/Editor/Data/MonoBleedingEdge/lib/mono/unityjit'
Mono config path = 'D:/Program Files (x86)/UnityEditors/2020.2.1f1/Editor/Data/MonoBleedingEdge/etc'
Using monoOptions --debugger-agent=transport=dt_socket,embedding=1,server=y,suspend=n,address=127.0.0.1:56060
Begin MonoManager ReloadAssembly
Registering precompiled unity dll's ...
Register platform support module: D:/Program Files (x86)/UnityEditors/2020.2.1f1/Editor/Data/PlaybackEngines/WindowsStandaloneSupport/UnityEditor.WindowsStandalone.Extensions.dll
Registered in 0.003396 seconds.
Native extension for WindowsStandalone target not found
Refreshing native plugins compatible for Editor in 22.16 ms, found 0 plugins.
Preloading 0 native plugins for Editor in 0.00 ms.
Invoked RoslynAnalysisRunner static constructor.
RoslynAnalysisRunner will not be running.
RoslynAnalysisRunner has terminated.
Mono: successfully reloaded assembly
- Completed reload, in  2.366 seconds
Platform modules already initialized, skipping
Registering precompiled user dll's ...
Registered in 0.001029 seconds.
Begin MonoManager ReloadAssembly
Native extension for WindowsStandalone target not found
Refreshing native plugins compatible for Editor in 0.27 ms, found 0 plugins.
Preloading 0 native plugins for Editor in 0.00 ms.
Invoked RoslynAnalysisRunner static constructor.
RoslynAnalysisRunner will not be running.
RoslynAnalysisRunner has terminated.
Mono: successfully reloaded assembly
- Completed reload, in  0.743 seconds
Platform modules already initialized, skipping
========================================================================
Worker process is ready to serve import requests
Launched and connected shader compiler UnityShaderCompiler.exe after 0.16 seconds
Refreshing native plugins compatible for Editor in 0.27 ms, found 0 plugins.
Preloading 0 native plugins for Editor in 0.00 ms.
Unloading 1211 Unused Serialized files (Serialized files now loaded: 0)
System memory in use before: 61.1 MB.
System memory in use after: 61.2 MB.

Unloading 22 unused Assets to reduce memory usage. Loaded Objects now: 1639.
Total: 1.371300 ms (FindLiveObjects: 0.110100 ms CreateObjectMapping: 0.035200 ms MarkObjects: 1.179900 ms  DeleteObjects: 0.045500 ms)

========================================================================
Received Import Request.
  path: Assets/Prefabs/Ford_Concept_Car_V3.prefab
  artifactKey: Guid(83854c7b503e8394c8d7d4f25b1b5adb) Importer(815301076,1909f56bfc062723c751e8b465ee728b)
Start importing Assets/Prefabs/Ford_Concept_Car_V3.prefab using Guid(83854c7b503e8394c8d7d4f25b1b5adb) Importer(815301076,1909f56bfc062723c751e8b465ee728b)  -> (artifact id: '70a9e7850ca4d6121ca978294f9f0c06') in 0.143513 seconds
  Import took 0.146866 seconds .

========================================================================
Received Prepare
Registering precompiled user dll's ...
Registered in 0.001177 seconds.
Begin MonoManager ReloadAssembly
Native extension for WindowsStandalone target not found
Refreshing native plugins compatible for Editor in 0.29 ms, found 0 plugins.
Preloading 0 native plugins for Editor in 0.00 ms.
Invoked RoslynAnalysisRunner static constructor.
RoslynAnalysisRunner will not be running.
RoslynAnalysisRunner has terminated.
Mono: successfully reloaded assembly
- Completed reload, in  0.723 seconds
Platform modules already initialized, skipping
Refreshing native plugins compatible for Editor in 0.28 ms, found 0 plugins.
Preloading 0 native plugins for Editor in 0.00 ms.
Unloading 1194 Unused Serialized files (Serialized files now loaded: 0)
System memory in use before: 63.1 MB.
System memory in use after: 63.2 MB.

Unloading 17 unused Assets to reduce memory usage. Loaded Objects now: 1648.
Total: 1.409500 ms (FindLiveObjects: 0.098000 ms CreateObjectMapping: 0.027700 ms MarkObjects: 1.270000 ms  DeleteObjects: 0.013000 ms)

========================================================================
Received Prepare
Registering precompiled user dll's ...
Registered in 0.000954 seconds.
Begin MonoManager ReloadAssembly
Native extension for WindowsStandalone target not found
Refreshing native plugins compatible for Editor in 0.27 ms, found 0 plugins.
Preloading 0 native plugins for Editor in 0.00 ms.
Invoked RoslynAnalysisRunner static constructor.
RoslynAnalysisRunner will not be running.
RoslynAnalysisRunner has terminated.
Mono: successfully reloaded assembly
- Completed reload, in  0.736 seconds
Platform modules already initialized, skipping
Refreshing native plugins compatible for Editor in 0.28 ms, found 0 plugins.
Preloading 0 native plugins for Editor in 0.00 ms.
Unloading 1195 Unused Serialized files (Serialized files now loaded: 0)
System memory in use before: 63.3 MB.
System memory in use after: 63.4 MB.

Unloading 17 unused Assets to reduce memory usage. Loaded Objects now: 1650.
Total: 1.481200 ms (FindLiveObjects: 0.122300 ms CreateObjectMapping: 0.029600 ms MarkObjects: 1.316200 ms  DeleteObjects: 0.012400 ms)

========================================================================
Received Prepare
Registering precompiled user dll's ...
Registered in 0.001082 seconds.
Begin MonoManager ReloadAssembly
Native extension for WindowsStandalone target not found
Refreshing native plugins compatible for Editor in 0.30 ms, found 0 plugins.
Preloading 0 native plugins for Editor in 0.00 ms.
Invoked RoslynAnalysisRunner static constructor.
RoslynAnalysisRunner will not be running.
RoslynAnalysisRunner has terminated.
Mono: successfully reloaded assembly
- Completed reload, in  0.728 seconds
Platform modules already initialized, skipping
Refreshing native plugins compatible for Editor in 0.28 ms, found 0 plugins.
Preloading 0 native plugins for Editor in 0.00 ms.
Unloading 1195 Unused Serialized files (Serialized files now loaded: 0)
System memory in use before: 63.4 MB.
System memory in use after: 63.5 MB.

Unloading 17 unused Assets to reduce memory usage. Loaded Objects now: 1652.
Total: 1.467200 ms (FindLiveObjects: 0.119700 ms CreateObjectMapping: 0.026900 ms MarkObjects: 1.306500 ms  DeleteObjects: 0.013400 ms)

========================================================================
Received Prepare
Registering precompiled user dll's ...
Registered in 0.000994 seconds.
Begin MonoManager ReloadAssembly
Native extension for WindowsStandalone target not found
Refreshing native plugins compatible for Editor in 0.27 ms, found 0 plugins.
Preloading 0 native plugins for Editor in 0.00 ms.
Invoked RoslynAnalysisRunner static constructor.
RoslynAnalysisRunner will not be running.
RoslynAnalysisRunner has terminated.
Mono: successfully reloaded assembly
- Completed reload, in  0.751 seconds
Platform modules already initialized, skipping
Refreshing native plugins compatible for Editor in 0.27 ms, found 0 plugins.
Preloading 0 native plugins for Editor in 0.00 ms.
Unloading 1195 Unused Serialized files (Serialized files now loaded: 0)
System memory in use before: 63.6 MB.
System memory in use after: 63.7 MB.

Unloading 17 unused Assets to reduce memory usage. Loaded Objects now: 1654.
Total: 1.518300 ms (FindLiveObjects: 0.126500 ms CreateObjectMapping: 0.028200 ms MarkObjects: 1.349700 ms  DeleteObjects: 0.013200 ms)

========================================================================
Received Prepare
Registering precompiled user dll's ...
Registered in 0.000968 seconds.
Begin MonoManager ReloadAssembly
Native extension for WindowsStandalone target not found
Refreshing native plugins compatible for Editor in 0.27 ms, found 0 plugins.
Preloading 0 native plugins for Editor in 0.00 ms.
Invoked RoslynAnalysisRunner static constructor.
RoslynAnalysisRunner will not be running.
RoslynAnalysisRunner has terminated.
Mono: successfully reloaded assembly
- Completed reload, in  0.819 seconds
Platform modules already initialized, skipping
Refreshing native plugins compatible for Editor in 0.31 ms, found 0 plugins.
Preloading 0 native plugins for Editor in 0.00 ms.
Unloading 1195 Unused Serialized files (Serialized files now loaded: 0)
System memory in use before: 63.7 MB.
System memory in use after: 63.8 MB.

Unloading 17 unused Assets to reduce memory usage. Loaded Objects now: 1656.
Total: 1.847800 ms (FindLiveObjects: 0.173500 ms CreateObjectMapping: 0.070000 ms MarkObjects: 1.588800 ms  DeleteObjects: 0.014800 ms)

========================================================================
Received Prepare
Registering precompiled user dll's ...
Registered in 0.000977 seconds.
Begin MonoManager ReloadAssembly
Native extension for WindowsStandalone target not found
Refreshing native plugins compatible for Editor in 0.27 ms, found 0 plugins.
Preloading 0 native plugins for Editor in 0.00 ms.
Invoked RoslynAnalysisRunner static constructor.
RoslynAnalysisRunner will not be running.
RoslynAnalysisRunner has terminated.
Mono: successfully reloaded assembly
- Completed reload, in  0.776 seconds
Platform modules already initialized, skipping
Refreshing native plugins compatible for Editor in 0.27 ms, found 0 plugins.
Preloading 0 native plugins for Editor in 0.00 ms.
Unloading 1195 Unused Serialized files (Serialized files now loaded: 0)
System memory in use before: 63.8 MB.
System memory in use after: 63.9 MB.

Unloading 17 unused Assets to reduce memory usage. Loaded Objects now: 1658.
Total: 1.229800 ms (FindLiveObjects: 0.110700 ms CreateObjectMapping: 0.032000 ms MarkObjects: 1.074300 ms  DeleteObjects: 0.012100 ms)

========================================================================
Received Prepare
Registering precompiled user dll's ...
Registered in 0.001205 seconds.
Begin MonoManager ReloadAssembly
Native extension for WindowsStandalone target not found
Refreshing native plugins compatible for Editor in 0.30 ms, found 0 plugins.
Preloading 0 native plugins for Editor in 0.00 ms.
Invoked RoslynAnalysisRunner static constructor.
RoslynAnalysisRunner will not be running.
RoslynAnalysisRunner has terminated.
Mono: successfully reloaded assembly
- Completed reload, in  0.870 seconds
Platform modules already initialized, skipping
Refreshing native plugins compatible for Editor in 0.30 ms, found 0 plugins.
Preloading 0 native plugins for Editor in 0.00 ms.
Unloading 1196 Unused Serialized files (Serialized files now loaded: 0)
System memory in use before: 64.0 MB.
System memory in use after: 64.1 MB.

Unloading 17 unused Assets to reduce memory usage. Loaded Objects now: 1661.
Total: 1.353100 ms (FindLiveObjects: 0.141900 ms CreateObjectMapping: 0.049400 ms MarkObjects: 1.143000 ms  DeleteObjects: 0.017300 ms)

========================================================================
Received Import Request.
  Time since last request: 1875.295061 seconds.
  path: Assets/Scripts/PrefabManager.cs
  artifactKey: Guid(adc0b4ff1d0c05a4aa98e1dfd76b7f93) Importer(815301076,1909f56bfc062723c751e8b465ee728b)
Start importing Assets/Scripts/PrefabManager.cs using Guid(adc0b4ff1d0c05a4aa98e1dfd76b7f93) Importer(815301076,1909f56bfc062723c751e8b465ee728b)  -> (artifact id: '4d3e4c67488bdeb83f0caf9dfb2e824c') in 0.107675 seconds
  Import took 0.109552 seconds .

========================================================================
Received Prepare
Registering precompiled user dll's ...
Registered in 0.001530 seconds.
Begin MonoManager ReloadAssembly
Native extension for WindowsStandalone target not found
Refreshing native plugins compatible for Editor in 0.29 ms, found 0 plugins.
Preloading 0 native plugins for Editor in 0.00 ms.
Invoked RoslynAnalysisRunner static constructor.
RoslynAnalysisRunner will not be running.
RoslynAnalysisRunner has terminated.
Mono: successfully reloaded assembly
- Completed reload, in  0.857 seconds
Platform modules already initialized, skipping
Refreshing native plugins compatible for Editor in 0.29 ms, found 0 plugins.
Preloading 0 native plugins for Editor in 0.00 ms.
Unloading 1196 Unused Serialized files (Serialized files now loaded: 0)
System memory in use before: 64.1 MB.
System memory in use after: 64.2 MB.

Unloading 17 unused Assets to reduce memory usage. Loaded Objects now: 1663.
Total: 1.922300 ms (FindLiveObjects: 0.121600 ms CreateObjectMapping: 0.037100 ms MarkObjects: 1.738800 ms  DeleteObjects: 0.022900 ms)

========================================================================
Received Prepare
Registering precompiled user dll's ...
Registered in 0.000922 seconds.
Begin MonoManager ReloadAssembly
Native extension for WindowsStandalone target not found
Refreshing native plugins compatible for Editor in 0.30 ms, found 0 plugins.
Preloading 0 native plugins for Editor in 0.00 ms.
Invoked RoslynAnalysisRunner static constructor.
RoslynAnalysisRunner will not be running.
RoslynAnalysisRunner has terminated.
Mono: successfully reloaded assembly
- Completed reload, in  0.922 seconds
Platform modules already initialized, skipping
Refreshing native plugins compatible for Editor in 0.30 ms, found 0 plugins.
Preloading 0 native plugins for Editor in 0.00 ms.
Unloading 1196 Unused Serialized files (Serialized files now loaded: 0)
System memory in use before: 64.3 MB.
System memory in use after: 64.4 MB.

Unloading 17 unused Assets to reduce memory usage. Loaded Objects now: 1665.
Total: 1.503900 ms (FindLiveObjects: 0.155100 ms CreateObjectMapping: 0.067000 ms MarkObjects: 1.264000 ms  DeleteObjects: 0.016400 ms)

========================================================================
Received Import Request.
  Time since last request: 146.734487 seconds.
  path: Assets/Scripts/PrefabManager.cs
  artifactKey: Guid(adc0b4ff1d0c05a4aa98e1dfd76b7f93) Importer(815301076,1909f56bfc062723c751e8b465ee728b)
Start importing Assets/Scripts/PrefabManager.cs using Guid(adc0b4ff1d0c05a4aa98e1dfd76b7f93) Importer(815301076,1909f56bfc062723c751e8b465ee728b)  -> (artifact id: 'c5870def0f591175bdaa5be772059abe') in 0.004184 seconds
  Import took 0.005929 seconds .

========================================================================
Received Prepare
Registering precompiled user dll's ...
Registered in 0.000982 seconds.
Begin MonoManager ReloadAssembly
Native extension for WindowsStandalone target not found
Refreshing native plugins compatible for Editor in 0.28 ms, found 0 plugins.
Preloading 0 native plugins for Editor in 0.00 ms.
Invoked RoslynAnalysisRunner static constructor.
RoslynAnalysisRunner will not be running.
RoslynAnalysisRunner has terminated.
Mono: successfully reloaded assembly
- Completed reload, in  0.843 seconds
Platform modules already initialized, skipping
Refreshing native plugins compatible for Editor in 0.32 ms, found 0 plugins.
Preloading 0 native plugins for Editor in 0.00 ms.
Unloading 1196 Unused Serialized files (Serialized files now loaded: 0)
System memory in use before: 64.4 MB.
System memory in use after: 64.5 MB.

Unloading 17 unused Assets to reduce memory usage. Loaded Objects now: 1667.
Total: 1.404600 ms (FindLiveObjects: 0.117900 ms CreateObjectMapping: 0.041200 ms MarkObjects: 1.232000 ms  DeleteObjects: 0.012900 ms)

========================================================================
Received Prepare
Registering precompiled user dll's ...
Registered in 0.000993 seconds.
Begin MonoManager ReloadAssembly
Native extension for WindowsStandalone target not found
Refreshing native plugins compatible for Editor in 0.28 ms, found 0 plugins.
Preloading 0 native plugins for Editor in 0.00 ms.
Invoked RoslynAnalysisRunner static constructor.
RoslynAnalysisRunner will not be running.
RoslynAnalysisRunner has terminated.
Mono: successfully reloaded assembly
- Completed reload, in  0.866 seconds
Platform modules already initialized, skipping
Refreshing native plugins compatible for Editor in 0.28 ms, found 0 plugins.
Preloading 0 native plugins for Editor in 0.00 ms.
Unloading 1196 Unused Serialized files (Serialized files now loaded: 0)
System memory in use before: 64.5 MB.
System memory in use after: 64.6 MB.

Unloading 17 unused Assets to reduce memory usage. Loaded Objects now: 1669.
Total: 1.280300 ms (FindLiveObjects: 0.108500 ms CreateObjectMapping: 0.030100 ms MarkObjects: 1.127800 ms  DeleteObjects: 0.013100 ms)

========================================================================
Received Prepare
Registering precompiled user dll's ...
Registered in 0.000877 seconds.
Begin MonoManager ReloadAssembly
Native extension for WindowsStandalone target not found
Refreshing native plugins compatible for Editor in 0.28 ms, found 0 plugins.
Preloading 0 native plugins for Editor in 0.00 ms.
Invoked RoslynAnalysisRunner static constructor.
RoslynAnalysisRunner will not be running.
RoslynAnalysisRunner has terminated.
Mono: successfully reloaded assembly
- Completed reload, in  0.844 seconds
Platform modules already initialized, skipping
Refreshing native plugins compatible for Editor in 0.28 ms, found 0 plugins.
Preloading 0 native plugins for Editor in 0.00 ms.
Unloading 1196 Unused Serialized files (Serialized files now loaded: 0)
System memory in use before: 64.7 MB.
System memory in use after: 64.8 MB.

Unloading 17 unused Assets to reduce memory usage. Loaded Objects now: 1671.
Total: 1.447200 ms (FindLiveObjects: 0.117300 ms CreateObjectMapping: 0.030800 ms MarkObjects: 1.285800 ms  DeleteObjects: 0.012600 ms)

========================================================================
Received Prepare
Registering precompiled user dll's ...
Registered in 0.000912 seconds.
Begin MonoManager ReloadAssembly
Native extension for WindowsStandalone target not found
Refreshing native plugins compatible for Editor in 0.29 ms, found 0 plugins.
Preloading 0 native plugins for Editor in 0.00 ms.
Invoked RoslynAnalysisRunner static constructor.
RoslynAnalysisRunner will not be running.
RoslynAnalysisRunner has terminated.
Mono: successfully reloaded assembly
- Completed reload, in  0.885 seconds
Platform modules already initialized, skipping
Refreshing native plugins compatible for Editor in 0.27 ms, found 0 plugins.
Preloading 0 native plugins for Editor in 0.00 ms.
Unloading 1196 Unused Serialized files (Serialized files now loaded: 0)
System memory in use before: 64.8 MB.
System memory in use after: 64.9 MB.

Unloading 17 unused Assets to reduce memory usage. Loaded Objects now: 1673.
Total: 1.433500 ms (FindLiveObjects: 0.147700 ms CreateObjectMapping: 0.034700 ms MarkObjects: 1.236800 ms  DeleteObjects: 0.013000 ms)

========================================================================
Received Prepare
Registering precompiled user dll's ...
Registered in 0.000974 seconds.
Begin MonoManager ReloadAssembly
Native extension for WindowsStandalone target not found
Refreshing native plugins compatible for Editor in 0.28 ms, found 0 plugins.
Preloading 0 native plugins for Editor in 0.00 ms.
Invoked RoslynAnalysisRunner static constructor.
RoslynAnalysisRunner will not be running.
RoslynAnalysisRunner has terminated.
Mono: successfully reloaded assembly
- Completed reload, in  0.874 seconds
Platform modules already initialized, skipping
Refreshing native plugins compatible for Editor in 0.27 ms, found 0 plugins.
Preloading 0 native plugins for Editor in 0.00 ms.
Unloading 1196 Unused Serialized files (Serialized files now loaded: 0)
System memory in use before: 64.9 MB.
System memory in use after: 65.0 MB.

Unloading 17 unused Assets to reduce memory usage. Loaded Objects now: 1675.
Total: 1.331200 ms (FindLiveObjects: 0.125500 ms CreateObjectMapping: 0.033000 ms MarkObjects: 1.159200 ms  DeleteObjects: 0.012800 ms)

========================================================================
Received Import Request.
  Time since last request: 1009.700353 seconds.
  path: Assets/Scripts/UserInput.cs
  artifactKey: Guid(d7ab7b7fd4231fb4495de28dbbed87c0) Importer(815301076,1909f56bfc062723c751e8b465ee728b)
Start importing Assets/Scripts/UserInput.cs using Guid(d7ab7b7fd4231fb4495de28dbbed87c0) Importer(815301076,1909f56bfc062723c751e8b465ee728b)  -> (artifact id: '77c91933dc43e3035a8d4be5911c059f') in 0.008029 seconds
  Import took 0.010019 seconds .

========================================================================
Received Import Request.
  Time since last request: 0.004932 seconds.
  path: Assets/Scripts/UserInput.cs
  artifactKey: Guid(d7ab7b7fd4231fb4495de28dbbed87c0) Importer(815301076,1909f56bfc062723c751e8b465ee728b)
Start importing Assets/Scripts/UserInput.cs using Guid(d7ab7b7fd4231fb4495de28dbbed87c0) Importer(815301076,1909f56bfc062723c751e8b465ee728b)  -> (artifact id: '77c91933dc43e3035a8d4be5911c059f') in 0.002966 seconds
  Import took 0.004659 seconds .

========================================================================
Received Import Request.
  Time since last request: 3.946557 seconds.
  path: Assets/Scripts/ModelExpandableChild.cs
  artifactKey: Guid(104787f2b64a9ce4c874d291005fc04b) Importer(815301076,1909f56bfc062723c751e8b465ee728b)
Start importing Assets/Scripts/ModelExpandableChild.cs using Guid(104787f2b64a9ce4c874d291005fc04b) Importer(815301076,1909f56bfc062723c751e8b465ee728b)  -> (artifact id: '255d541739d43d9517137535323e1f28') in 0.007402 seconds
  Import took 0.009374 seconds .

========================================================================
Received Import Request.
  Time since last request: 0.000682 seconds.
  path: Assets/Scripts/ModelExpandableChild.cs
  artifactKey: Guid(104787f2b64a9ce4c874d291005fc04b) Importer(815301076,1909f56bfc062723c751e8b465ee728b)
Start importing Assets/Scripts/ModelExpandableChild.cs using Guid(104787f2b64a9ce4c874d291005fc04b) Importer(815301076,1909f56bfc062723c751e8b465ee728b)  -> (artifact id: '255d541739d43d9517137535323e1f28') in 0.003437 seconds
  Import took 0.005133 seconds .

========================================================================
Received Import Request.
  Time since last request: 0.874859 seconds.
  path: Assets/Scripts/IObjectInteractable.cs
  artifactKey: Guid(67899c3e2d0f6df48b983e3d530a2f0e) Importer(815301076,1909f56bfc062723c751e8b465ee728b)
Start importing Assets/Scripts/IObjectInteractable.cs using Guid(67899c3e2d0f6df48b983e3d530a2f0e) Importer(815301076,1909f56bfc062723c751e8b465ee728b)  -> (artifact id: 'f0592c1f04845d36f61fbd9fbe214916') in 0.005652 seconds
  Import took 0.007529 seconds .

========================================================================
Received Import Request.
  Time since last request: 0.390768 seconds.
  path: Assets/Scripts/ExpandableModel.cs
  artifactKey: Guid(4f8b01aa2f2ccfe42bf47330f8517428) Importer(815301076,1909f56bfc062723c751e8b465ee728b)
Start importing Assets/Scripts/ExpandableModel.cs using Guid(4f8b01aa2f2ccfe42bf47330f8517428) Importer(815301076,1909f56bfc062723c751e8b465ee728b)  -> (artifact id: '352c4bdf9271cb1653090cc6e0e32ff1') in 0.007135 seconds
  Import took 0.009310 seconds .

